Logging started
========
INFO: Created lock file /var/lock/LCK..cu.usbserial-08165366570D
Using device /dev/cu.usbserial-08165366570D at rate 115200
Welcome to detok, version 0.8.1
<PDT 2017-08-10 11:14:24.110530> 
<PDT 2017-08-10 11:14:24.111500> [62584680] PIR: b1947 s1958
<PDT 2017-08-10 11:14:24.111915> [62584781] PIR: b1947 s1959
<PDT 2017-08-10 11:14:24.112263> [62584804] ALS: a0
<PDT 2017-08-10 11:14:24.112500> [62584880] PIR: b1947 s1953
<PDT 2017-08-10 11:14:24.112837> [62584980] PIR: b1947 s1954
<PDT 2017-08-10 11:14:24.113177> [62585080] PIR: b1947 s1944
<PDT 2017-08-10 11:14:24.113511> [62585180] PIR: b1947 s1942
<PDT 2017-08-10 11:14:24.113856> [62585280] PIR: b1947 s1947
<PDT 2017-08-10 11:14:24.114160> [62585380] PIR: b1947 s1960
<PDT 2017-08-10 11:14:24.114446> [62585479] PIR: b1947 s1949
<PDT 2017-08-10 11:14:24.114735> [62585579] PIR: b1947 s1948
<PDT 2017-08-10 11:14:24.115024> [62585680] PIR: b1947 s1941
<PDT 2017-08-10 11:14:24.115321> [62585780] PIR: b1947 s1937
<PDT 2017-08-10 11:14:24.115612> [62585879] PIR: b1947 s1939
<PDT 2017-08-10 11:14:24.115903> [62585979] PIR: b1947 s1934
<PDT 2017-08-10 11:14:24.116198> [62586080] PIR: b1947 s1937
<PDT 2017-08-10 11:14:24.189270> [62586179] PIR: b1947 s1938
<PDT 2017-08-10 11:14:24.285157> [62586279] PIR: b1947 s1931
<PDT 2017-08-10 11:14:24.381206> [62586379] PIR: b1947 s1940
<PDT 2017-08-10 11:14:27.725133> [62589677] PIR: b1947 s1945
<PDT 2017-08-10 11:14:27.821160> [62589777] PIR: b1947 s1943
<PDT 2017-08-10 11:14:27.853158> [62589800] ALS: a0
<PDT 2017-08-10 11:14:27.933062> [62589876] PIR: b1947 s1945
<PDT 2017-08-10 11:14:28.029163> [62589976] PIR: b1947 s1947
<PDT 2017-08-10 11:14:28.125115> [62590076] PIR: b1947 s1944
<PDT 2017-08-10 11:14:28.237173> [62590176] PIR: b1947 s1947
<PDT 2017-08-10 11:14:28.333119> [62590276] PIR: b1947 s1941
<PDT 2017-08-10 11:14:28.429117> [62590376] PIR: b1947 s1946
<PDT 2017-08-10 11:14:28.541136> [62590476] PIR: b1947 s1948
<PDT 2017-08-10 11:14:28.637091> [62590576] PIR: b1947 s1942
<PDT 2017-08-10 11:14:28.733115> [62590676] PIR: b1947 s1937
<PDT 2017-08-10 11:14:28.845239> [62590776] PIR: b1947 s1937
<PDT 2017-08-10 11:14:28.941116> [62590875] PIR: b1947 s1942
<PDT 2017-08-10 11:14:29.037161> [62590975] PIR: b1947 s1943
<PDT 2017-08-10 11:14:29.149089> [62591076] PIR: b1947 s1940
<PDT 2017-08-10 11:14:29.245159> [62591175] PIR: b1947 s1942
<PDT 2017-08-10 11:14:29.341172> [62591275] PIR: b1947 s1943
<PDT 2017-08-10 11:14:29.437012> [62591375] PIR: b1947 s1944
<PDT 2017-08-10 11:14:29.549043> [62591476] PIR: b1947 s1946
<PDT 2017-08-10 11:14:29.645015> [62591575] PIR: b1947 s1961
<PDT 2017-08-10 11:14:29.741042> [62591675] PIR: b1947 s1944
<PDT 2017-08-10 11:14:29.853055> [62591775] PIR: b1947 s1937
<PDT 2017-08-10 11:14:29.949057> [62591874] PIR: b1947 s1943
<PDT 2017-08-10 11:14:30.044966> [62591975] PIR: b1947 s1944
<PDT 2017-08-10 11:14:30.156976> [62592075] PIR: b1947 s1944
<PDT 2017-08-10 11:14:30.252922> [62592174] PIR: b1947 s1954
<PDT 2017-08-10 11:14:30.348989> [62592274] PIR: b1947 s1946
<PDT 2017-08-10 11:14:30.461138> [62592375] PIR: b1947 s1947
<PDT 2017-08-10 11:14:30.557081> [62592475] PIR: b1947 s1943
<PDT 2017-08-10 11:14:30.652976> [62592574] PIR: b1949 s1948
<PDT 2017-08-10 11:14:30.765021> [62592674] PIR: b1949 s1939
<PDT 2017-08-10 11:14:30.780881> [62592697] TMP: t2490 h4564
<PDT 2017-08-10 11:14:30.861013> [62592774] PIR: b1949 s1939
<PDT 2017-08-10 11:14:30.957037> [62592874] PIR: b1949 s1941
<PDT 2017-08-10 11:14:31.069093> [62592974] PIR: b1949 s1933
<PDT 2017-08-10 11:14:31.165087> [62593074] PIR: b1949 s1937
<PDT 2017-08-10 11:14:31.260980> [62593173] PIR: b1949 s1936
<PDT 2017-08-10 11:14:31.372966> [62593274] PIR: b1949 s1936
<PDT 2017-08-10 11:14:31.469100> [62593374] PIR: b1949 s1942
<PDT 2017-08-10 11:14:31.565052> [62593474] PIR: b1949 s1937
<PDT 2017-08-10 11:14:31.676986> [62593573] PIR: b1949 s1938
<PDT 2017-08-10 11:14:31.773049> [62593673] PIR: b1949 s1944
<PDT 2017-08-10 11:14:31.869028> [62593774] PIR: b1949 s1943

========
Ctrl-\ issued by user
